\BOOKMARK [0][-]{chapter.1}{1 Exterior differential systems}{}% 1
\BOOKMARK [0][-]{chapter.2}{2 Tableaux}{}% 2
\BOOKMARK [0][-]{chapter.3}{3 Example: almost complex structures}{}% 3
\BOOKMARK [0][-]{chapter.4}{4 Prolongation}{}% 4
\BOOKMARK [0][-]{chapter.5}{5 Cartan's test}{}% 5
\BOOKMARK [0][-]{chapter.6}{6 The characteristic variety}{}% 6
\BOOKMARK [0][-]{chapter.7}{7 Proof of the Cartan\205Kaehler theorem}{}% 7
\BOOKMARK [0][-]{chapter.8}{8 Cauchy characteristics}{}% 8
\BOOKMARK [0][-]{chapter.9}{9 Example: conformal maps of surfaces}{}% 9
\BOOKMARK [0][-]{chapter.10}{10 Example: Weingarten surfaces}{}% 10
\BOOKMARK [0][-]{chapter.A}{A The Cauchy\205Kovalevskaya theorem}{}% 11
\BOOKMARK [0][-]{chapter.B}{B Symbol and characteristic variety}{}% 12
\BOOKMARK [0][-]{chapter.C}{C Analytic convergence}{}% 13
\BOOKMARK [0][-]{chapter.D}{D The moving frame}{}% 14
\BOOKMARK [0][-]{chapter.E}{E Curvature of surfaces}{}% 15
\BOOKMARK [0][-]{chapter.F}{F The Gauss\205Bonnet theorem}{}% 16
\BOOKMARK [0][-]{chapter.G}{G Geodesics on surfaces}{}% 17
\BOOKMARK [0][-]{chapter*.122}{Hints}{}% 18
\BOOKMARK [0][-]{chapter*.139}{Bibliography}{}% 19
\BOOKMARK [0][-]{section*.140}{}{}% 20
